mode: set
github.com/leonelquinteros/gotext/cli/xgotext/parser/domain.go:20.56,21.30 1 1
github.com/leonelquinteros/gotext/cli/xgotext/parser/domain.go:21.30,23.3 1 1
github.com/leonelquinteros/gotext/cli/xgotext/parser/domain.go:23.8,25.3 1 1
github.com/leonelquinteros/gotext/cli/xgotext/parser/domain.go:29.37,34.37 4 1
github.com/leonelquinteros/gotext/cli/xgotext/parser/domain.go:34.37,36.3 1 1
github.com/leonelquinteros/gotext/cli/xgotext/parser/domain.go:38.2,38.21 1 1
github.com/leonelquinteros/gotext/cli/xgotext/parser/domain.go:38.21,40.3 1 1
github.com/leonelquinteros/gotext/cli/xgotext/parser/domain.go:42.2,44.25 2 1
github.com/leonelquinteros/gotext/cli/xgotext/parser/domain.go:44.25,46.3 1 1
github.com/leonelquinteros/gotext/cli/xgotext/parser/domain.go:46.8,51.3 2 1
github.com/leonelquinteros/gotext/cli/xgotext/parser/domain.go:53.2,53.33 1 1
github.com/leonelquinteros/gotext/cli/xgotext/parser/domain.go:58.41,64.27 4 1
github.com/leonelquinteros/gotext/cli/xgotext/parser/domain.go:64.27,65.19 1 1
github.com/leonelquinteros/gotext/cli/xgotext/parser/domain.go:65.19,67.12 2 0
github.com/leonelquinteros/gotext/cli/xgotext/parser/domain.go:69.3,69.26 1 1
github.com/leonelquinteros/gotext/cli/xgotext/parser/domain.go:72.2,74.25 2 1
github.com/leonelquinteros/gotext/cli/xgotext/parser/domain.go:78.41,82.27 3 1
github.com/leonelquinteros/gotext/cli/xgotext/parser/domain.go:82.27,83.34 1 1
github.com/leonelquinteros/gotext/cli/xgotext/parser/domain.go:83.34,85.4 1 0
github.com/leonelquinteros/gotext/cli/xgotext/parser/domain.go:86.3,86.26 1 1
github.com/leonelquinteros/gotext/cli/xgotext/parser/domain.go:89.2,89.25 1 1
github.com/leonelquinteros/gotext/cli/xgotext/parser/domain.go:93.49,97.2 2 1
github.com/leonelquinteros/gotext/cli/xgotext/parser/domain.go:103.39,106.19 2 1
github.com/leonelquinteros/gotext/cli/xgotext/parser/domain.go:106.19,108.3 1 1
github.com/leonelquinteros/gotext/cli/xgotext/parser/domain.go:109.2,112.27 3 1
github.com/leonelquinteros/gotext/cli/xgotext/parser/domain.go:112.27,114.3 1 1
github.com/leonelquinteros/gotext/cli/xgotext/parser/domain.go:115.2,115.35 1 1
github.com/leonelquinteros/gotext/cli/xgotext/parser/domain.go:125.59,126.27 1 1
github.com/leonelquinteros/gotext/cli/xgotext/parser/domain.go:126.27,129.3 2 1
github.com/leonelquinteros/gotext/cli/xgotext/parser/domain.go:131.2,131.31 1 1
github.com/leonelquinteros/gotext/cli/xgotext/parser/domain.go:131.31,132.53 1 1
github.com/leonelquinteros/gotext/cli/xgotext/parser/domain.go:132.53,134.4 1 1
github.com/leonelquinteros/gotext/cli/xgotext/parser/domain.go:134.9,136.4 1 1
github.com/leonelquinteros/gotext/cli/xgotext/parser/domain.go:137.8,138.63 1 1
github.com/leonelquinteros/gotext/cli/xgotext/parser/domain.go:138.63,140.4 1 1
github.com/leonelquinteros/gotext/cli/xgotext/parser/domain.go:142.3,142.81 1 1
github.com/leonelquinteros/gotext/cli/xgotext/parser/domain.go:142.81,144.4 1 1
github.com/leonelquinteros/gotext/cli/xgotext/parser/domain.go:144.9,146.4 1 1
github.com/leonelquinteros/gotext/cli/xgotext/parser/domain.go:151.32,157.39 4 1
github.com/leonelquinteros/gotext/cli/xgotext/parser/domain.go:157.39,159.3 1 0
github.com/leonelquinteros/gotext/cli/xgotext/parser/domain.go:160.2,162.27 2 1
github.com/leonelquinteros/gotext/cli/xgotext/parser/domain.go:162.27,164.3 1 0
github.com/leonelquinteros/gotext/cli/xgotext/parser/domain.go:165.2,165.35 1 1
github.com/leonelquinteros/gotext/cli/xgotext/parser/domain.go:169.42,171.16 2 1
github.com/leonelquinteros/gotext/cli/xgotext/parser/domain.go:171.16,173.3 1 0
github.com/leonelquinteros/gotext/cli/xgotext/parser/domain.go:174.2,174.15 1 1
github.com/leonelquinteros/gotext/cli/xgotext/parser/domain.go:174.15,176.3 1 1
github.com/leonelquinteros/gotext/cli/xgotext/parser/domain.go:179.2,189.16 2 1
github.com/leonelquinteros/gotext/cli/xgotext/parser/domain.go:189.16,191.3 1 0
github.com/leonelquinteros/gotext/cli/xgotext/parser/domain.go:194.2,195.12 2 1
github.com/leonelquinteros/gotext/cli/xgotext/parser/domain.go:205.77,206.22 1 1
github.com/leonelquinteros/gotext/cli/xgotext/parser/domain.go:206.22,208.3 1 1
github.com/leonelquinteros/gotext/cli/xgotext/parser/domain.go:211.2,211.21 1 1
github.com/leonelquinteros/gotext/cli/xgotext/parser/domain.go:211.21,213.3 1 1
github.com/leonelquinteros/gotext/cli/xgotext/parser/domain.go:216.2,216.18 1 1
github.com/leonelquinteros/gotext/cli/xgotext/parser/domain.go:216.18,218.3 1 1
github.com/leonelquinteros/gotext/cli/xgotext/parser/domain.go:220.2,220.37 1 1
github.com/leonelquinteros/gotext/cli/xgotext/parser/domain.go:220.37,222.3 1 1
github.com/leonelquinteros/gotext/cli/xgotext/parser/domain.go:223.2,223.47 1 1
github.com/leonelquinteros/gotext/cli/xgotext/parser/domain.go:227.50,230.16 2 1
github.com/leonelquinteros/gotext/cli/xgotext/parser/domain.go:230.16,232.3 1 0
github.com/leonelquinteros/gotext/cli/xgotext/parser/domain.go:235.2,235.38 1 1
github.com/leonelquinteros/gotext/cli/xgotext/parser/domain.go:235.38,237.17 2 1
github.com/leonelquinteros/gotext/cli/xgotext/parser/domain.go:237.17,239.4 1 0
github.com/leonelquinteros/gotext/cli/xgotext/parser/domain.go:241.2,241.12 1 1
github.com/leonelquinteros/gotext/cli/xgotext/parser/gofile.go:24.39,26.2 1 1
github.com/leonelquinteros/gotext/cli/xgotext/parser/gofile.go:53.57,54.41 1 0
github.com/leonelquinteros/gotext/cli/xgotext/parser/gofile.go:54.41,55.27 1 0
github.com/leonelquinteros/gotext/cli/xgotext/parser/gofile.go:55.27,56.12 1 0
github.com/leonelquinteros/gotext/cli/xgotext/parser/gofile.go:58.3,58.47 1 0
github.com/leonelquinteros/gotext/cli/xgotext/parser/gofile.go:58.47,60.4 1 0
github.com/leonelquinteros/gotext/cli/xgotext/parser/gofile.go:62.2,62.12 1 0
github.com/leonelquinteros/gotext/cli/xgotext/parser/gofile.go:66.56,67.41 1 0
github.com/leonelquinteros/gotext/cli/xgotext/parser/gofile.go:67.41,68.27 1 0
github.com/leonelquinteros/gotext/cli/xgotext/parser/gofile.go:68.27,69.12 1 0
github.com/leonelquinteros/gotext/cli/xgotext/parser/gofile.go:71.3,71.46 1 0
github.com/leonelquinteros/gotext/cli/xgotext/parser/gofile.go:71.46,73.4 1 0
github.com/leonelquinteros/gotext/cli/xgotext/parser/gofile.go:75.2,75.12 1 0
github.com/leonelquinteros/gotext/cli/xgotext/parser/gofile.go:79.53,80.20 1 0
github.com/leonelquinteros/gotext/cli/xgotext/parser/gofile.go:80.20,82.3 1 0
github.com/leonelquinteros/gotext/cli/xgotext/parser/gofile.go:84.2,84.29 1 0
github.com/leonelquinteros/gotext/cli/xgotext/parser/gofile.go:85.22,86.31 1 0
github.com/leonelquinteros/gotext/cli/xgotext/parser/gofile.go:88.20,89.90 1 0
github.com/leonelquinteros/gotext/cli/xgotext/parser/gofile.go:89.90,91.4 1 0
github.com/leonelquinteros/gotext/cli/xgotext/parser/gofile.go:93.20,94.30 1 0
github.com/leonelquinteros/gotext/cli/xgotext/parser/gofile.go:96.24,99.123 1 0
github.com/leonelquinteros/gotext/cli/xgotext/parser/gofile.go:101.10,102.15 1 0
github.com/leonelquinteros/gotext/cli/xgotext/parser/gofile.go:104.2,104.13 1 0
github.com/leonelquinteros/gotext/cli/xgotext/parser/gofile.go:108.51,111.9 2 0
github.com/leonelquinteros/gotext/cli/xgotext/parser/gofile.go:111.9,113.3 1 0
github.com/leonelquinteros/gotext/cli/xgotext/parser/gofile.go:116.2,117.25 2 0
github.com/leonelquinteros/gotext/cli/xgotext/parser/gofile.go:117.25,119.57 1 0
github.com/leonelquinteros/gotext/cli/xgotext/parser/gofile.go:119.57,121.65 2 0
github.com/leonelquinteros/gotext/cli/xgotext/parser/gofile.go:121.65,123.5 1 0
github.com/leonelquinteros/gotext/cli/xgotext/parser/gofile.go:124.9,126.4 1 0
github.com/leonelquinteros/gotext/cli/xgotext/parser/gofile.go:127.8,127.39 1 0
github.com/leonelquinteros/gotext/cli/xgotext/parser/gofile.go:127.39,129.3 1 0
github.com/leonelquinteros/gotext/cli/xgotext/parser/gofile.go:132.2,133.31 2 0
github.com/leonelquinteros/gotext/cli/xgotext/parser/gofile.go:133.31,135.3 1 0
github.com/leonelquinteros/gotext/cli/xgotext/parser/gofile.go:138.2,142.52 3 0
github.com/leonelquinteros/gotext/cli/xgotext/parser/gofile.go:142.52,145.3 2 0
github.com/leonelquinteros/gotext/cli/xgotext/parser/gofile.go:149.79,151.35 1 1
github.com/leonelquinteros/gotext/cli/xgotext/parser/gofile.go:151.35,153.3 1 1
github.com/leonelquinteros/gotext/cli/xgotext/parser/gofile.go:156.2,157.22 2 1
github.com/leonelquinteros/gotext/cli/xgotext/parser/gofile.go:157.22,159.3 1 1
github.com/leonelquinteros/gotext/cli/xgotext/parser/gofile.go:162.2,162.62 1 1
github.com/leonelquinteros/gotext/cli/xgotext/parser/gofile.go:162.62,165.3 2 1
github.com/leonelquinteros/gotext/cli/xgotext/parser/gofile.go:167.2,172.20 3 1
github.com/leonelquinteros/gotext/cli/xgotext/parser/gofile.go:172.20,174.71 1 1
github.com/leonelquinteros/gotext/cli/xgotext/parser/gofile.go:174.71,177.4 2 0
github.com/leonelquinteros/gotext/cli/xgotext/parser/gofile.go:178.3,179.34 2 1
github.com/leonelquinteros/gotext/cli/xgotext/parser/gofile.go:181.2,181.21 1 1
github.com/leonelquinteros/gotext/cli/xgotext/parser/gofile.go:181.21,183.73 1 0
github.com/leonelquinteros/gotext/cli/xgotext/parser/gofile.go:183.73,186.4 2 0
github.com/leonelquinteros/gotext/cli/xgotext/parser/gofile.go:187.3,187.42 1 0
github.com/leonelquinteros/gotext/cli/xgotext/parser/gofile.go:190.2,190.39 1 1
github.com/leonelquinteros/gotext/cli/xgotext/parser/dir/golang.go:15.13,17.2 1 1
github.com/leonelquinteros/gotext/cli/xgotext/parser/dir/golang.go:20.71,39.34 4 1
github.com/leonelquinteros/gotext/cli/xgotext/parser/dir/golang.go:39.34,42.3 1 0
github.com/leonelquinteros/gotext/cli/xgotext/parser/dir/golang.go:45.2,45.38 1 1
github.com/leonelquinteros/gotext/cli/xgotext/parser/dir/golang.go:45.38,61.3 2 1
github.com/leonelquinteros/gotext/cli/xgotext/parser/dir/golang.go:62.2,62.12 1 1
github.com/leonelquinteros/gotext/cli/xgotext/parser/dir/golang.go:71.69,73.16 2 1
github.com/leonelquinteros/gotext/cli/xgotext/parser/dir/golang.go:73.16,75.3 1 0
github.com/leonelquinteros/gotext/cli/xgotext/parser/dir/golang.go:76.2,76.20 1 1
github.com/leonelquinteros/gotext/cli/xgotext/parser/dir/golang.go:76.20,78.3 1 0
github.com/leonelquinteros/gotext/cli/xgotext/parser/dir/golang.go:79.2,79.21 1 1
github.com/leonelquinteros/gotext/cli/xgotext/parser/dir/golang.go:83.47,84.23 1 1
github.com/leonelquinteros/gotext/cli/xgotext/parser/dir/golang.go:86.23,90.17 3 1
github.com/leonelquinteros/gotext/cli/xgotext/parser/dir/golang.go:90.17,92.4 1 0
github.com/leonelquinteros/gotext/cli/xgotext/parser/dir/golang.go:92.9,93.21 1 1
github.com/leonelquinteros/gotext/cli/xgotext/parser/dir/golang.go:93.21,95.5 1 1
github.com/leonelquinteros/gotext/cli/xgotext/parser/dir/golang.go:95.10,97.5 1 0
github.com/leonelquinteros/gotext/cli/xgotext/parser/dir/golang.go:101.21,102.23 1 1
github.com/leonelquinteros/gotext/cli/xgotext/parser/dir/golang.go:104.10,105.10 1 1
github.com/leonelquinteros/gotext/cli/xgotext/parser/dir/golang.go:108.2,108.13 1 1
github.com/leonelquinteros/gotext/cli/xgotext/parser/dir/parser.go:18.37,19.24 1 1
github.com/leonelquinteros/gotext/cli/xgotext/parser/dir/parser.go:19.24,21.3 1 1
github.com/leonelquinteros/gotext/cli/xgotext/parser/dir/parser.go:21.8,23.3 1 1
github.com/leonelquinteros/gotext/cli/xgotext/parser/dir/parser.go:27.71,31.37 3 1
github.com/leonelquinteros/gotext/cli/xgotext/parser/dir/parser.go:31.37,33.17 2 1
github.com/leonelquinteros/gotext/cli/xgotext/parser/dir/parser.go:33.17,35.4 1 0
github.com/leonelquinteros/gotext/cli/xgotext/parser/dir/parser.go:37.2,37.12 1 1
github.com/leonelquinteros/gotext/cli/xgotext/parser/dir/parser.go:41.96,44.85 2 1
github.com/leonelquinteros/gotext/cli/xgotext/parser/dir/parser.go:44.85,45.17 1 1
github.com/leonelquinteros/gotext/cli/xgotext/parser/dir/parser.go:45.17,47.4 1 0
github.com/leonelquinteros/gotext/cli/xgotext/parser/dir/parser.go:49.3,49.19 1 1
github.com/leonelquinteros/gotext/cli/xgotext/parser/dir/parser.go:49.19,52.30 2 1
github.com/leonelquinteros/gotext/cli/xgotext/parser/dir/parser.go:52.30,53.37 1 1
github.com/leonelquinteros/gotext/cli/xgotext/parser/dir/parser.go:53.37,55.6 1 1
github.com/leonelquinteros/gotext/cli/xgotext/parser/dir/parser.go:57.4,57.15 1 1
github.com/leonelquinteros/gotext/cli/xgotext/parser/dir/parser.go:57.15,59.5 1 1
github.com/leonelquinteros/gotext/cli/xgotext/parser/dir/parser.go:61.4,62.18 2 1
github.com/leonelquinteros/gotext/cli/xgotext/parser/dir/parser.go:62.18,64.5 1 0
github.com/leonelquinteros/gotext/cli/xgotext/parser/dir/parser.go:66.3,66.13 1 1
github.com/leonelquinteros/gotext/cli/xgotext/parser/dir/parser.go:68.2,68.12 1 1
github.com/leonelquinteros/gotext/cli/xgotext/parser/pkg-tree/golang.go:17.79,19.16 2 1
github.com/leonelquinteros/gotext/cli/xgotext/parser/pkg-tree/golang.go:19.16,21.3 1 0
github.com/leonelquinteros/gotext/cli/xgotext/parser/pkg-tree/golang.go:22.2,22.52 1 1
github.com/leonelquinteros/gotext/cli/xgotext/parser/pkg-tree/golang.go:25.86,27.16 2 1
github.com/leonelquinteros/gotext/cli/xgotext/parser/pkg-tree/golang.go:27.16,29.3 1 0
github.com/leonelquinteros/gotext/cli/xgotext/parser/pkg-tree/golang.go:31.2,31.42 1 1
github.com/leonelquinteros/gotext/cli/xgotext/parser/pkg-tree/golang.go:31.42,32.14 1 1
github.com/leonelquinteros/gotext/cli/xgotext/parser/pkg-tree/golang.go:32.14,34.4 1 1
github.com/leonelquinteros/gotext/cli/xgotext/parser/pkg-tree/golang.go:35.3,35.35 1 1
github.com/leonelquinteros/gotext/cli/xgotext/parser/pkg-tree/golang.go:35.35,50.4 2 1
github.com/leonelquinteros/gotext/cli/xgotext/parser/pkg-tree/golang.go:53.2,53.12 1 1
github.com/leonelquinteros/gotext/cli/xgotext/parser/pkg-tree/golang.go:58.58,72.16 4 1
github.com/leonelquinteros/gotext/cli/xgotext/parser/pkg-tree/golang.go:72.16,74.3 1 0
github.com/leonelquinteros/gotext/cli/xgotext/parser/pkg-tree/golang.go:76.2,76.21 1 1
github.com/leonelquinteros/gotext/cli/xgotext/parser/pkg-tree/golang.go:79.60,82.2 2 1
github.com/leonelquinteros/gotext/cli/xgotext/parser/pkg-tree/golang.go:84.63,87.42 3 1
github.com/leonelquinteros/gotext/cli/xgotext/parser/pkg-tree/golang.go:87.42,88.60 1 1
github.com/leonelquinteros/gotext/cli/xgotext/parser/pkg-tree/golang.go:88.60,90.4 1 1
github.com/leonelquinteros/gotext/cli/xgotext/parser/pkg-tree/golang.go:91.3,91.44 1 1
github.com/leonelquinteros/gotext/cli/xgotext/parser/pkg-tree/golang.go:91.44,92.12 1 1
github.com/leonelquinteros/gotext/cli/xgotext/parser/pkg-tree/golang.go:94.3,94.57 1 1
github.com/leonelquinteros/gotext/cli/xgotext/parser/pkg-tree/golang.go:96.2,96.15 1 1
github.com/leonelquinteros/gotext/cli/xgotext/parser/pkg-tree/golang.go:105.69,107.9 2 1
github.com/leonelquinteros/gotext/cli/xgotext/parser/pkg-tree/golang.go:107.9,109.3 1 0
github.com/leonelquinteros/gotext/cli/xgotext/parser/pkg-tree/golang.go:110.2,110.17 1 1
github.com/leonelquinteros/gotext/cli/xgotext/parser/pkg-tree/golang.go:114.47,115.23 1 1
github.com/leonelquinteros/gotext/cli/xgotext/parser/pkg-tree/golang.go:117.23,121.17 3 1
github.com/leonelquinteros/gotext/cli/xgotext/parser/pkg-tree/golang.go:121.17,123.4 1 0
github.com/leonelquinteros/gotext/cli/xgotext/parser/pkg-tree/golang.go:123.9,124.21 1 1
github.com/leonelquinteros/gotext/cli/xgotext/parser/pkg-tree/golang.go:124.21,126.5 1 1
github.com/leonelquinteros/gotext/cli/xgotext/parser/pkg-tree/golang.go:126.10,128.5 1 1
github.com/leonelquinteros/gotext/cli/xgotext/parser/pkg-tree/golang.go:132.21,133.23 1 1
github.com/leonelquinteros/gotext/cli/xgotext/parser/pkg-tree/golang.go:135.10,136.10 1 1
github.com/leonelquinteros/gotext/cli/xgotext/parser/pkg-tree/golang.go:139.2,139.13 1 1
github.com/leonelquinteros/gotext/cli/xgotext/fixtures/main.go:17.31,19.2 1 0
github.com/leonelquinteros/gotext/cli/xgotext/fixtures/main.go:26.37,28.2 1 0
github.com/leonelquinteros/gotext/cli/xgotext/fixtures/main.go:34.32,36.2 1 0
github.com/leonelquinteros/gotext/cli/xgotext/fixtures/main.go:38.13,124.2 41 0
github.com/leonelquinteros/gotext/cli/xgotext/fixtures/main.go:127.40,129.2 1 0
github.com/leonelquinteros/gotext/cli/xgotext/fixtures/main.go:131.22,136.2 3 0
github.com/leonelquinteros/gotext/cli/xgotext/fixtures/main.go:139.35,141.2 1 0
github.com/leonelquinteros/gotext/cli/xgotext/fixtures/pkg/pkg.go:16.13,18.2 1 0
github.com/leonelquinteros/gotext/cli/xgotext/fixtures/pkg/pkg.go:21.26,23.2 1 0
github.com/leonelquinteros/gotext/cli/xgotext/main.go:22.13,28.38 3 0
github.com/leonelquinteros/gotext/cli/xgotext/main.go:28.38,30.3 1 0
github.com/leonelquinteros/gotext/cli/xgotext/main.go:31.2,31.38 1 0
github.com/leonelquinteros/gotext/cli/xgotext/main.go:31.38,33.3 1 0
github.com/leonelquinteros/gotext/cli/xgotext/main.go:34.2,34.22 1 0
github.com/leonelquinteros/gotext/cli/xgotext/main.go:34.22,36.3 1 0
github.com/leonelquinteros/gotext/cli/xgotext/main.go:38.2,42.20 2 0
github.com/leonelquinteros/gotext/cli/xgotext/main.go:42.20,44.17 2 0
github.com/leonelquinteros/gotext/cli/xgotext/main.go:44.17,46.4 1 0
github.com/leonelquinteros/gotext/cli/xgotext/main.go:47.8,49.17 2 0
github.com/leonelquinteros/gotext/cli/xgotext/main.go:49.17,51.4 1 0
github.com/leonelquinteros/gotext/cli/xgotext/main.go:54.2,55.16 2 0
github.com/leonelquinteros/gotext/cli/xgotext/main.go:55.16,57.3 1 0
github.com/leonelquinteros/gotext/plurals/compiler.go:38.76,40.16 2 1
github.com/leonelquinteros/gotext/plurals/compiler.go:40.16,42.3 1 0
github.com/leonelquinteros/gotext/plurals/compiler.go:43.2,44.16 2 1
github.com/leonelquinteros/gotext/plurals/compiler.go:44.16,46.3 1 1
github.com/leonelquinteros/gotext/plurals/compiler.go:47.2,48.16 2 1
github.com/leonelquinteros/gotext/plurals/compiler.go:48.16,50.3 1 0
github.com/leonelquinteros/gotext/plurals/compiler.go:51.2,52.16 2 1
github.com/leonelquinteros/gotext/plurals/compiler.go:52.16,54.3 1 0
github.com/leonelquinteros/gotext/plurals/compiler.go:55.2,56.16 2 1
github.com/leonelquinteros/gotext/plurals/compiler.go:56.16,58.3 1 0
github.com/leonelquinteros/gotext/plurals/compiler.go:59.2,63.8 1 1
github.com/leonelquinteros/gotext/plurals/compiler.go:70.77,71.22 1 1
github.com/leonelquinteros/gotext/plurals/compiler.go:71.22,73.3 1 0
github.com/leonelquinteros/gotext/plurals/compiler.go:74.2,74.22 1 1
github.com/leonelquinteros/gotext/plurals/compiler.go:74.22,76.3 1 0
github.com/leonelquinteros/gotext/plurals/compiler.go:77.2,78.16 2 1
github.com/leonelquinteros/gotext/plurals/compiler.go:78.16,80.3 1 0
github.com/leonelquinteros/gotext/plurals/compiler.go:81.2,81.34 1 1
github.com/leonelquinteros/gotext/plurals/compiler.go:84.99,86.16 2 1
github.com/leonelquinteros/gotext/plurals/compiler.go:86.16,88.3 1 0
github.com/leonelquinteros/gotext/plurals/compiler.go:89.2,90.16 2 1
github.com/leonelquinteros/gotext/plurals/compiler.go:90.16,92.3 1 0
github.com/leonelquinteros/gotext/plurals/compiler.go:93.2,94.16 2 1
github.com/leonelquinteros/gotext/plurals/compiler.go:94.16,96.3 1 0
github.com/leonelquinteros/gotext/plurals/compiler.go:97.2,97.34 1 1
github.com/leonelquinteros/gotext/plurals/compiler.go:104.65,106.2 1 1
github.com/leonelquinteros/gotext/plurals/compiler.go:107.42,109.2 1 1
github.com/leonelquinteros/gotext/plurals/compiler.go:115.66,117.2 1 1
github.com/leonelquinteros/gotext/plurals/compiler.go:118.43,120.2 1 1
github.com/leonelquinteros/gotext/plurals/compiler.go:122.57,124.16 2 1
github.com/leonelquinteros/gotext/plurals/compiler.go:124.16,126.3 1 0
github.com/leonelquinteros/gotext/plurals/compiler.go:127.2,127.50 1 1
github.com/leonelquinteros/gotext/plurals/compiler.go:127.50,129.3 1 0
github.com/leonelquinteros/gotext/plurals/compiler.go:130.2,130.27 1 1
github.com/leonelquinteros/gotext/plurals/compiler.go:130.27,132.3 1 0
github.com/leonelquinteros/gotext/plurals/compiler.go:133.2,134.16 2 1
github.com/leonelquinteros/gotext/plurals/compiler.go:134.16,136.3 1 0
github.com/leonelquinteros/gotext/plurals/compiler.go:137.2,137.35 1 1
github.com/leonelquinteros/gotext/plurals/compiler.go:140.118,142.16 2 1
github.com/leonelquinteros/gotext/plurals/compiler.go:142.16,144.3 1 0
github.com/leonelquinteros/gotext/plurals/compiler.go:145.2,145.28 1 1
github.com/leonelquinteros/gotext/plurals/compiler.go:145.28,147.3 1 0
github.com/leonelquinteros/gotext/plurals/compiler.go:148.2,149.16 2 1
github.com/leonelquinteros/gotext/plurals/compiler.go:149.16,151.3 1 0
github.com/leonelquinteros/gotext/plurals/compiler.go:152.2,156.8 2 1
github.com/leonelquinteros/gotext/plurals/compiler.go:159.98,161.16 2 1
github.com/leonelquinteros/gotext/plurals/compiler.go:161.16,163.3 1 0
github.com/leonelquinteros/gotext/plurals/compiler.go:164.2,164.50 1 1
github.com/leonelquinteros/gotext/plurals/compiler.go:164.50,165.28 1 1
github.com/leonelquinteros/gotext/plurals/compiler.go:165.28,167.4 1 1
github.com/leonelquinteros/gotext/plurals/compiler.go:168.3,169.17 2 1
github.com/leonelquinteros/gotext/plurals/compiler.go:169.17,171.4 1 0
github.com/leonelquinteros/gotext/plurals/compiler.go:172.3,172.32 1 1
github.com/leonelquinteros/gotext/plurals/compiler.go:173.8,173.59 1 1
github.com/leonelquinteros/gotext/plurals/compiler.go:173.59,174.27 1 0
github.com/leonelquinteros/gotext/plurals/compiler.go:174.27,176.4 1 0
github.com/leonelquinteros/gotext/plurals/compiler.go:177.3,178.17 2 0
github.com/leonelquinteros/gotext/plurals/compiler.go:178.17,180.4 1 0
github.com/leonelquinteros/gotext/plurals/compiler.go:181.3,181.31 1 0
github.com/leonelquinteros/gotext/plurals/compiler.go:182.8,182.67 1 1
github.com/leonelquinteros/gotext/plurals/compiler.go:182.67,184.3 1 1
github.com/leonelquinteros/gotext/plurals/compiler.go:185.2,185.80 1 0
github.com/leonelquinteros/gotext/plurals/compiler.go:193.65,195.2 1 1
github.com/leonelquinteros/gotext/plurals/compiler.go:196.45,198.2 1 1
github.com/leonelquinteros/gotext/plurals/compiler.go:204.66,206.2 1 1
github.com/leonelquinteros/gotext/plurals/compiler.go:207.46,209.2 1 1
github.com/leonelquinteros/gotext/plurals/compiler.go:215.65,217.2 1 1
github.com/leonelquinteros/gotext/plurals/compiler.go:218.45,220.2 1 1
github.com/leonelquinteros/gotext/plurals/compiler.go:226.66,228.2 1 1
github.com/leonelquinteros/gotext/plurals/compiler.go:229.46,231.2 1 1
github.com/leonelquinteros/gotext/plurals/compiler.go:237.65,239.2 1 1
github.com/leonelquinteros/gotext/plurals/compiler.go:240.45,242.2 1 1
github.com/leonelquinteros/gotext/plurals/compiler.go:248.66,250.2 1 1
github.com/leonelquinteros/gotext/plurals/compiler.go:251.46,253.2 1 1
github.com/leonelquinteros/gotext/plurals/compiler.go:277.45,278.35 1 1
github.com/leonelquinteros/gotext/plurals/compiler.go:278.35,279.19 1 1
github.com/leonelquinteros/gotext/plurals/compiler.go:279.19,281.4 1 1
github.com/leonelquinteros/gotext/plurals/compiler.go:283.2,283.11 1 0
github.com/leonelquinteros/gotext/plurals/compiler.go:288.71,290.17 2 1
github.com/leonelquinteros/gotext/plurals/compiler.go:290.17,292.3 1 0
github.com/leonelquinteros/gotext/plurals/compiler.go:293.2,296.8 1 1
github.com/leonelquinteros/gotext/plurals/compiler.go:300.34,302.12 2 1
github.com/leonelquinteros/gotext/plurals/compiler.go:302.12,305.30 3 1
github.com/leonelquinteros/gotext/plurals/compiler.go:305.30,306.16 1 1
github.com/leonelquinteros/gotext/plurals/compiler.go:307.13,308.19 1 1
github.com/leonelquinteros/gotext/plurals/compiler.go:308.19,310.6 1 1
github.com/leonelquinteros/gotext/plurals/compiler.go:311.5,311.12 1 1
github.com/leonelquinteros/gotext/plurals/compiler.go:312.13,314.19 2 1
github.com/leonelquinteros/gotext/plurals/compiler.go:314.19,319.6 1 1
github.com/leonelquinteros/gotext/plurals/compiler.go:323.3,323.12 1 1
github.com/leonelquinteros/gotext/plurals/compiler.go:325.2,325.11 1 1
github.com/leonelquinteros/gotext/plurals/compiler.go:329.36,331.12 2 1
github.com/leonelquinteros/gotext/plurals/compiler.go:331.12,333.32 2 1
github.com/leonelquinteros/gotext/plurals/compiler.go:333.32,335.4 1 1
github.com/leonelquinteros/gotext/plurals/compiler.go:335.9,338.30 3 1
github.com/leonelquinteros/gotext/plurals/compiler.go:338.30,339.29 1 1
github.com/leonelquinteros/gotext/plurals/compiler.go:339.29,341.6 1 1
github.com/leonelquinteros/gotext/plurals/compiler.go:342.5,343.25 2 1
github.com/leonelquinteros/gotext/plurals/compiler.go:345.4,345.19 1 1
github.com/leonelquinteros/gotext/plurals/compiler.go:345.19,347.5 1 1
github.com/leonelquinteros/gotext/plurals/compiler.go:349.3,349.12 1 1
github.com/leonelquinteros/gotext/plurals/compiler.go:351.2,351.11 1 1
github.com/leonelquinteros/gotext/plurals/compiler.go:356.34,363.17 1 1
github.com/leonelquinteros/gotext/plurals/compiler.go:363.17,365.3 1 1
github.com/leonelquinteros/gotext/plurals/compiler.go:366.2,366.39 1 1
github.com/leonelquinteros/gotext/plurals/compiler.go:366.39,368.3 1 1
github.com/leonelquinteros/gotext/plurals/compiler.go:369.2,370.30 2 1
github.com/leonelquinteros/gotext/plurals/compiler.go:370.30,371.22 1 1
github.com/leonelquinteros/gotext/plurals/compiler.go:371.22,372.53 1 1
github.com/leonelquinteros/gotext/plurals/compiler.go:372.53,374.5 1 1
github.com/leonelquinteros/gotext/plurals/compiler.go:374.10,375.64 1 1
github.com/leonelquinteros/gotext/plurals/compiler.go:375.64,377.6 1 1
github.com/leonelquinteros/gotext/plurals/compiler.go:379.9,381.4 1 0
github.com/leonelquinteros/gotext/plurals/compiler.go:383.2,383.12 1 1
github.com/leonelquinteros/gotext/plurals/compiler.go:387.53,388.14 1 1
github.com/leonelquinteros/gotext/plurals/compiler.go:388.14,390.3 1 1
github.com/leonelquinteros/gotext/plurals/compiler.go:391.2,391.31 1 1
github.com/leonelquinteros/gotext/plurals/compiler.go:391.31,393.3 1 1
github.com/leonelquinteros/gotext/plurals/compiler.go:394.2,394.29 1 1
github.com/leonelquinteros/gotext/plurals/compiler.go:398.54,399.29 1 1
github.com/leonelquinteros/gotext/plurals/compiler.go:399.29,400.18 1 1
github.com/leonelquinteros/gotext/plurals/compiler.go:400.18,402.4 1 1
github.com/leonelquinteros/gotext/plurals/compiler.go:404.2,404.14 1 1
github.com/leonelquinteros/gotext/plurals/compiler.go:408.63,410.27 2 1
github.com/leonelquinteros/gotext/plurals/compiler.go:410.27,412.3 1 1
github.com/leonelquinteros/gotext/plurals/compiler.go:413.2,413.35 1 1
github.com/leonelquinteros/gotext/plurals/compiler.go:417.51,419.38 2 1
github.com/leonelquinteros/gotext/plurals/compiler.go:419.38,420.36 1 1
github.com/leonelquinteros/gotext/plurals/compiler.go:420.36,422.4 1 1
github.com/leonelquinteros/gotext/plurals/compiler.go:424.2,424.43 1 1
github.com/leonelquinteros/gotext/plurals/compiler.go:427.51,429.16 2 1
github.com/leonelquinteros/gotext/plurals/compiler.go:429.16,431.3 1 0
github.com/leonelquinteros/gotext/plurals/compiler.go:432.2,432.23 1 1
github.com/leonelquinteros/gotext/plurals/expression.go:19.40,21.2 1 1
github.com/leonelquinteros/gotext/plurals/expression.go:33.37,34.20 1 1
github.com/leonelquinteros/gotext/plurals/expression.go:34.20,35.24 1 1
github.com/leonelquinteros/gotext/plurals/expression.go:35.24,37.4 1 0
github.com/leonelquinteros/gotext/plurals/expression.go:38.3,38.28 1 1
github.com/leonelquinteros/gotext/plurals/expression.go:40.2,40.24 1 1
github.com/leonelquinteros/gotext/plurals/expression.go:40.24,42.3 1 0
github.com/leonelquinteros/gotext/plurals/expression.go:43.2,43.28 1 1
github.com/leonelquinteros/gotext/plurals/math.go:17.36,19.2 1 1
github.com/leonelquinteros/gotext/plurals/tests.go:13.36,15.2 1 1
github.com/leonelquinteros/gotext/plurals/tests.go:21.39,23.2 1 1
github.com/leonelquinteros/gotext/plurals/tests.go:30.33,31.15 1 1
github.com/leonelquinteros/gotext/plurals/tests.go:31.15,33.3 1 0
github.com/leonelquinteros/gotext/plurals/tests.go:35.2,35.20 1 1
github.com/leonelquinteros/gotext/plurals/tests.go:43.33,44.15 1 1
github.com/leonelquinteros/gotext/plurals/tests.go:44.15,46.3 1 0
github.com/leonelquinteros/gotext/plurals/tests.go:47.2,47.20 1 1
github.com/leonelquinteros/gotext/plurals/tests.go:55.34,56.15 1 1
github.com/leonelquinteros/gotext/plurals/tests.go:56.15,58.3 1 0
github.com/leonelquinteros/gotext/plurals/tests.go:59.2,59.21 1 1
github.com/leonelquinteros/gotext/plurals/tests.go:67.34,68.15 1 1
github.com/leonelquinteros/gotext/plurals/tests.go:68.15,70.3 1 0
github.com/leonelquinteros/gotext/plurals/tests.go:71.2,71.21 1 1
github.com/leonelquinteros/gotext/plurals/tests.go:79.34,80.21 1 1
github.com/leonelquinteros/gotext/plurals/tests.go:80.21,82.3 1 1
github.com/leonelquinteros/gotext/plurals/tests.go:83.2,83.24 1 1
github.com/leonelquinteros/gotext/plurals/tests.go:91.33,92.20 1 1
github.com/leonelquinteros/gotext/plurals/tests.go:92.20,94.3 1 1
github.com/leonelquinteros/gotext/plurals/tests.go:95.2,95.24 1 1
github.com/leonelquinteros/gotext/plurals/tests.go:103.35,105.2 1 1
github.com/leonelquinteros/gotext/domain.go:56.43,58.2 1 1
github.com/leonelquinteros/gotext/domain.go:61.36,63.2 1 1
github.com/leonelquinteros/gotext/domain.go:66.43,67.14 1 1
github.com/leonelquinteros/gotext/domain.go:67.14,69.3 1 1
github.com/leonelquinteros/gotext/domain.go:70.2,71.17 2 1
github.com/leonelquinteros/gotext/domain.go:71.17,73.3 1 1
github.com/leonelquinteros/gotext/domain.go:74.2,74.13 1 1
github.com/leonelquinteros/gotext/domain.go:78.43,80.2 1 1
github.com/leonelquinteros/gotext/domain.go:83.48,84.14 1 1
github.com/leonelquinteros/gotext/domain.go:84.14,86.3 1 1
github.com/leonelquinteros/gotext/domain.go:87.2,87.15 1 1
github.com/leonelquinteros/gotext/domain.go:91.26,101.2 7 1
github.com/leonelquinteros/gotext/domain.go:104.54,106.2 1 1
github.com/leonelquinteros/gotext/domain.go:108.41,114.27 3 1
github.com/leonelquinteros/gotext/domain.go:114.27,115.37 1 1
github.com/leonelquinteros/gotext/domain.go:115.37,117.4 1 1
github.com/leonelquinteros/gotext/domain.go:120.3,120.13 1 1
github.com/leonelquinteros/gotext/domain.go:120.13,122.4 1 1
github.com/leonelquinteros/gotext/domain.go:123.3,123.11 1 1
github.com/leonelquinteros/gotext/domain.go:125.2,125.39 1 1
github.com/leonelquinteros/gotext/domain.go:129.34,131.39 2 1
github.com/leonelquinteros/gotext/domain.go:131.39,133.3 1 1
github.com/leonelquinteros/gotext/domain.go:136.2,140.32 4 1
github.com/leonelquinteros/gotext/domain.go:140.32,141.21 1 1
github.com/leonelquinteros/gotext/domain.go:141.21,142.12 1 1
github.com/leonelquinteros/gotext/domain.go:145.3,146.19 2 1
github.com/leonelquinteros/gotext/domain.go:146.19,147.12 1 0
github.com/leonelquinteros/gotext/domain.go:150.3,152.47 3 1
github.com/leonelquinteros/gotext/domain.go:152.47,154.4 1 1
github.com/leonelquinteros/gotext/domain.go:154.9,154.57 1 1
github.com/leonelquinteros/gotext/domain.go:154.57,156.4 1 1
github.com/leonelquinteros/gotext/domain.go:158.3,159.29 2 1
github.com/leonelquinteros/gotext/domain.go:163.2,167.26 3 1
github.com/leonelquinteros/gotext/domain.go:167.26,169.3 1 1
github.com/leonelquinteros/gotext/domain.go:172.2,175.24 2 1
github.com/leonelquinteros/gotext/domain.go:175.24,177.19 2 1
github.com/leonelquinteros/gotext/domain.go:177.19,178.12 1 1
github.com/leonelquinteros/gotext/domain.go:181.3,181.35 1 1
github.com/leonelquinteros/gotext/domain.go:182.19,183.40 1 1
github.com/leonelquinteros/gotext/domain.go:185.17,188.59 2 1
github.com/leonelquinteros/gotext/domain.go:188.59,190.5 1 1
github.com/leonelquinteros/gotext/domain.go:198.43,204.48 5 1
github.com/leonelquinteros/gotext/domain.go:204.48,205.30 1 1
github.com/leonelquinteros/gotext/domain.go:205.30,206.23 1 1
github.com/leonelquinteros/gotext/domain.go:206.23,208.5 1 1
github.com/leonelquinteros/gotext/domain.go:210.3,210.20 1 1
github.com/leonelquinteros/gotext/domain.go:210.20,212.4 1 0
github.com/leonelquinteros/gotext/domain.go:215.2,215.41 1 1
github.com/leonelquinteros/gotext/domain.go:215.41,216.22 1 1
github.com/leonelquinteros/gotext/domain.go:216.22,218.4 1 1
github.com/leonelquinteros/gotext/domain.go:223.54,229.43 5 1
github.com/leonelquinteros/gotext/domain.go:229.43,231.3 1 1
github.com/leonelquinteros/gotext/domain.go:231.8,236.3 4 1
github.com/leonelquinteros/gotext/domain.go:240.48,245.28 3 1
github.com/leonelquinteros/gotext/domain.go:245.28,246.44 1 1
github.com/leonelquinteros/gotext/domain.go:246.44,248.4 1 1
github.com/leonelquinteros/gotext/domain.go:250.2,250.12 1 1
github.com/leonelquinteros/gotext/domain.go:254.39,260.42 5 1
github.com/leonelquinteros/gotext/domain.go:260.42,262.3 1 1
github.com/leonelquinteros/gotext/domain.go:262.8,267.3 4 1
github.com/leonelquinteros/gotext/domain.go:271.63,276.28 3 1
github.com/leonelquinteros/gotext/domain.go:276.28,277.40 1 1
github.com/leonelquinteros/gotext/domain.go:277.40,279.4 1 1
github.com/leonelquinteros/gotext/domain.go:283.2,283.35 1 1
github.com/leonelquinteros/gotext/domain.go:288.76,293.28 3 1
github.com/leonelquinteros/gotext/domain.go:293.28,294.40 1 1
github.com/leonelquinteros/gotext/domain.go:294.40,296.4 1 1
github.com/leonelquinteros/gotext/domain.go:300.2,300.33 1 1
github.com/leonelquinteros/gotext/domain.go:304.62,313.42 6 1
github.com/leonelquinteros/gotext/domain.go:313.42,315.3 1 1
github.com/leonelquinteros/gotext/domain.go:315.8,321.3 5 1
github.com/leonelquinteros/gotext/domain.go:326.79,331.28 3 1
github.com/leonelquinteros/gotext/domain.go:331.28,332.40 1 1
github.com/leonelquinteros/gotext/domain.go:332.40,334.4 1 1
github.com/leonelquinteros/gotext/domain.go:338.2,338.27 1 1
github.com/leonelquinteros/gotext/domain.go:338.27,340.3 1 1
github.com/leonelquinteros/gotext/domain.go:341.2,341.38 1 1
github.com/leonelquinteros/gotext/domain.go:346.92,351.28 3 1
github.com/leonelquinteros/gotext/domain.go:351.28,352.40 1 1
github.com/leonelquinteros/gotext/domain.go:352.40,354.4 1 1
github.com/leonelquinteros/gotext/domain.go:358.2,358.27 1 1
github.com/leonelquinteros/gotext/domain.go:358.27,360.3 1 1
github.com/leonelquinteros/gotext/domain.go:361.2,361.36 1 1
github.com/leonelquinteros/gotext/domain.go:365.45,371.52 5 1
github.com/leonelquinteros/gotext/domain.go:371.52,372.47 1 0
github.com/leonelquinteros/gotext/domain.go:372.47,374.4 1 0
github.com/leonelquinteros/gotext/domain.go:374.9,379.4 4 0
github.com/leonelquinteros/gotext/domain.go:380.8,387.3 4 1
github.com/leonelquinteros/gotext/domain.go:392.69,396.35 3 1
github.com/leonelquinteros/gotext/domain.go:396.35,397.47 1 1
github.com/leonelquinteros/gotext/domain.go:397.47,398.42 1 1
github.com/leonelquinteros/gotext/domain.go:398.42,399.54 1 1
github.com/leonelquinteros/gotext/domain.go:399.54,401.6 1 1
github.com/leonelquinteros/gotext/domain.go:407.2,407.35 1 1
github.com/leonelquinteros/gotext/domain.go:412.82,416.35 3 1
github.com/leonelquinteros/gotext/domain.go:416.35,417.47 1 1
github.com/leonelquinteros/gotext/domain.go:417.47,418.42 1 1
github.com/leonelquinteros/gotext/domain.go:418.42,419.54 1 1
github.com/leonelquinteros/gotext/domain.go:419.54,421.6 1 1
github.com/leonelquinteros/gotext/domain.go:427.2,427.33 1 1
github.com/leonelquinteros/gotext/domain.go:431.68,440.52 6 1
github.com/leonelquinteros/gotext/domain.go:440.52,441.47 1 1
github.com/leonelquinteros/gotext/domain.go:441.47,443.4 1 1
github.com/leonelquinteros/gotext/domain.go:443.9,448.4 4 1
github.com/leonelquinteros/gotext/domain.go:449.8,456.3 4 1
github.com/leonelquinteros/gotext/domain.go:461.92,465.35 3 1
github.com/leonelquinteros/gotext/domain.go:465.35,466.47 1 1
github.com/leonelquinteros/gotext/domain.go:466.47,467.42 1 1
github.com/leonelquinteros/gotext/domain.go:467.42,468.54 1 1
github.com/leonelquinteros/gotext/domain.go:468.54,470.6 1 1
github.com/leonelquinteros/gotext/domain.go:475.2,475.12 1 0
github.com/leonelquinteros/gotext/domain.go:475.12,477.3 1 0
github.com/leonelquinteros/gotext/domain.go:478.2,478.38 1 0
github.com/leonelquinteros/gotext/domain.go:483.105,487.35 3 1
github.com/leonelquinteros/gotext/domain.go:487.35,488.47 1 1
github.com/leonelquinteros/gotext/domain.go:488.47,489.42 1 1
github.com/leonelquinteros/gotext/domain.go:489.42,490.54 1 1
github.com/leonelquinteros/gotext/domain.go:490.54,492.6 1 1
github.com/leonelquinteros/gotext/domain.go:497.2,497.12 1 1
github.com/leonelquinteros/gotext/domain.go:497.12,499.3 1 1
github.com/leonelquinteros/gotext/domain.go:500.2,500.36 1 0
github.com/leonelquinteros/gotext/domain.go:504.49,506.2 1 1
github.com/leonelquinteros/gotext/domain.go:509.57,513.28 3 1
github.com/leonelquinteros/gotext/domain.go:513.28,515.3 1 0
github.com/leonelquinteros/gotext/domain.go:516.2,517.9 2 1
github.com/leonelquinteros/gotext/domain.go:517.9,519.3 1 1
github.com/leonelquinteros/gotext/domain.go:520.2,520.43 1 1
github.com/leonelquinteros/gotext/domain.go:524.55,526.2 1 1
github.com/leonelquinteros/gotext/domain.go:529.70,533.35 3 1
github.com/leonelquinteros/gotext/domain.go:533.35,535.3 1 0
github.com/leonelquinteros/gotext/domain.go:536.2,537.9 2 1
github.com/leonelquinteros/gotext/domain.go:537.9,539.3 1 1
github.com/leonelquinteros/gotext/domain.go:540.2,541.9 2 1
github.com/leonelquinteros/gotext/domain.go:541.9,543.3 1 1
github.com/leonelquinteros/gotext/domain.go:544.2,544.43 1 1
github.com/leonelquinteros/gotext/domain.go:548.61,554.44 4 1
github.com/leonelquinteros/gotext/domain.go:554.44,559.26 5 1
github.com/leonelquinteros/gotext/domain.go:559.26,562.4 2 0
github.com/leonelquinteros/gotext/domain.go:563.3,563.31 1 1
github.com/leonelquinteros/gotext/domain.go:563.31,565.4 1 1
github.com/leonelquinteros/gotext/domain.go:566.3,566.24 1 1
github.com/leonelquinteros/gotext/domain.go:569.2,569.12 1 1
github.com/leonelquinteros/gotext/domain.go:573.75,579.56 4 1
github.com/leonelquinteros/gotext/domain.go:579.56,580.42 1 1
github.com/leonelquinteros/gotext/domain.go:580.42,585.27 5 1
github.com/leonelquinteros/gotext/domain.go:585.27,588.5 2 0
github.com/leonelquinteros/gotext/domain.go:589.4,589.32 1 1
github.com/leonelquinteros/gotext/domain.go:589.32,591.5 1 1
github.com/leonelquinteros/gotext/domain.go:593.4,593.23 1 1
github.com/leonelquinteros/gotext/domain.go:593.23,595.5 1 1
github.com/leonelquinteros/gotext/domain.go:597.4,597.30 1 1
github.com/leonelquinteros/gotext/domain.go:602.2,602.12 1 1
github.com/leonelquinteros/gotext/domain.go:613.51,617.19 4 0
github.com/leonelquinteros/gotext/domain.go:617.19,620.3 2 0
github.com/leonelquinteros/gotext/domain.go:620.8,623.3 2 0
github.com/leonelquinteros/gotext/domain.go:624.2,624.19 1 0
github.com/leonelquinteros/gotext/domain.go:629.49,631.32 2 1
github.com/leonelquinteros/gotext/domain.go:631.32,634.3 2 0
github.com/leonelquinteros/gotext/domain.go:635.2,654.28 4 1
github.com/leonelquinteros/gotext/domain.go:654.28,656.3 1 1
github.com/leonelquinteros/gotext/domain.go:658.2,658.45 1 1
github.com/leonelquinteros/gotext/domain.go:658.45,662.68 4 1
github.com/leonelquinteros/gotext/domain.go:662.68,664.4 1 1
github.com/leonelquinteros/gotext/domain.go:666.3,666.68 1 1
github.com/leonelquinteros/gotext/domain.go:666.68,668.4 1 1
github.com/leonelquinteros/gotext/domain.go:670.3,670.22 1 1
github.com/leonelquinteros/gotext/domain.go:670.22,672.4 1 1
github.com/leonelquinteros/gotext/domain.go:673.3,673.22 1 1
github.com/leonelquinteros/gotext/domain.go:673.22,675.4 1 1
github.com/leonelquinteros/gotext/domain.go:676.3,676.39 1 1
github.com/leonelquinteros/gotext/domain.go:679.2,679.31 1 1
github.com/leonelquinteros/gotext/domain.go:679.31,683.27 2 1
github.com/leonelquinteros/gotext/domain.go:683.27,685.4 1 1
github.com/leonelquinteros/gotext/domain.go:689.2,690.48 2 1
github.com/leonelquinteros/gotext/domain.go:690.48,691.30 1 1
github.com/leonelquinteros/gotext/domain.go:691.30,692.16 1 1
github.com/leonelquinteros/gotext/domain.go:692.16,693.13 1 1
github.com/leonelquinteros/gotext/domain.go:695.4,695.27 1 1
github.com/leonelquinteros/gotext/domain.go:695.27,703.5 2 0
github.com/leonelquinteros/gotext/domain.go:703.10,710.5 1 1
github.com/leonelquinteros/gotext/domain.go:714.2,714.41 1 1
github.com/leonelquinteros/gotext/domain.go:714.41,715.15 1 1
github.com/leonelquinteros/gotext/domain.go:715.15,716.12 1 1
github.com/leonelquinteros/gotext/domain.go:719.3,719.26 1 1
github.com/leonelquinteros/gotext/domain.go:719.26,727.4 2 0
github.com/leonelquinteros/gotext/domain.go:727.9,734.4 1 1
github.com/leonelquinteros/gotext/domain.go:737.2,737.45 1 1
github.com/leonelquinteros/gotext/domain.go:737.45,738.46 1 1
github.com/leonelquinteros/gotext/domain.go:738.46,740.4 1 0
github.com/leonelquinteros/gotext/domain.go:741.3,741.46 1 1
github.com/leonelquinteros/gotext/domain.go:741.46,743.4 1 0
github.com/leonelquinteros/gotext/domain.go:744.3,744.46 1 1
github.com/leonelquinteros/gotext/domain.go:744.46,746.4 1 0
github.com/leonelquinteros/gotext/domain.go:747.3,747.46 1 1
github.com/leonelquinteros/gotext/domain.go:747.46,749.4 1 0
github.com/leonelquinteros/gotext/domain.go:751.3,751.52 1 1
github.com/leonelquinteros/gotext/domain.go:751.52,753.4 1 1
github.com/leonelquinteros/gotext/domain.go:754.3,754.52 1 1
github.com/leonelquinteros/gotext/domain.go:754.52,756.4 1 1
github.com/leonelquinteros/gotext/domain.go:757.3,757.57 1 1
github.com/leonelquinteros/gotext/domain.go:760.2,760.33 1 1
github.com/leonelquinteros/gotext/domain.go:760.33,762.26 2 1
github.com/leonelquinteros/gotext/domain.go:762.26,764.4 1 0
github.com/leonelquinteros/gotext/domain.go:764.9,766.4 1 1
github.com/leonelquinteros/gotext/domain.go:768.3,768.24 1 1
github.com/leonelquinteros/gotext/domain.go:768.24,770.4 1 1
github.com/leonelquinteros/gotext/domain.go:770.9,772.4 1 1
github.com/leonelquinteros/gotext/domain.go:774.3,774.27 1 1
github.com/leonelquinteros/gotext/domain.go:774.27,776.4 1 1
github.com/leonelquinteros/gotext/domain.go:776.9,778.33 2 1
github.com/leonelquinteros/gotext/domain.go:778.33,780.5 1 1
github.com/leonelquinteros/gotext/domain.go:784.2,784.25 1 1
github.com/leonelquinteros/gotext/domain.go:788.47,791.33 2 1
github.com/leonelquinteros/gotext/domain.go:791.33,793.3 1 1
github.com/leonelquinteros/gotext/domain.go:797.2,797.63 1 1
github.com/leonelquinteros/gotext/domain.go:797.63,799.3 1 0
github.com/leonelquinteros/gotext/domain.go:801.2,804.31 3 1
github.com/leonelquinteros/gotext/domain.go:804.31,807.3 2 0
github.com/leonelquinteros/gotext/domain.go:808.2,809.26 2 1
github.com/leonelquinteros/gotext/domain.go:809.26,812.45 2 1
github.com/leonelquinteros/gotext/domain.go:812.45,814.4 1 1
github.com/leonelquinteros/gotext/domain.go:816.3,816.24 1 1
github.com/leonelquinteros/gotext/domain.go:816.24,818.4 1 1
github.com/leonelquinteros/gotext/domain.go:819.3,819.25 1 1
github.com/leonelquinteros/gotext/domain.go:821.2,821.33 1 1
github.com/leonelquinteros/gotext/domain.go:825.51,840.2 12 1
github.com/leonelquinteros/gotext/domain.go:843.54,849.16 5 1
github.com/leonelquinteros/gotext/domain.go:849.16,851.3 1 0
github.com/leonelquinteros/gotext/domain.go:853.2,861.57 8 1
github.com/leonelquinteros/gotext/domain.go:861.57,863.3 1 1
github.com/leonelquinteros/gotext/domain.go:865.2,865.12 1 1
github.com/leonelquinteros/gotext/gotext.go:52.13,63.2 2 1
github.com/leonelquinteros/gotext/gotext.go:68.37,71.49 2 1
github.com/leonelquinteros/gotext/gotext.go:71.49,73.51 2 1
github.com/leonelquinteros/gotext/gotext.go:73.51,75.4 1 1
github.com/leonelquinteros/gotext/gotext.go:76.3,76.33 1 1
github.com/leonelquinteros/gotext/gotext.go:79.2,79.46 1 1
github.com/leonelquinteros/gotext/gotext.go:79.46,80.72 1 1
github.com/leonelquinteros/gotext/gotext.go:80.72,82.4 1 1
github.com/leonelquinteros/gotext/gotext.go:83.3,83.40 1 1
github.com/leonelquinteros/gotext/gotext.go:86.2,86.23 1 1
github.com/leonelquinteros/gotext/gotext.go:90.25,93.33 3 1
github.com/leonelquinteros/gotext/gotext.go:93.33,96.3 1 1
github.com/leonelquinteros/gotext/gotext.go:97.2,97.15 1 1
github.com/leonelquinteros/gotext/gotext.go:97.15,99.3 1 0
github.com/leonelquinteros/gotext/gotext.go:100.2,102.12 2 1
github.com/leonelquinteros/gotext/gotext.go:107.28,110.33 3 1
github.com/leonelquinteros/gotext/gotext.go:110.33,111.47 1 1
github.com/leonelquinteros/gotext/gotext.go:111.47,113.4 1 1
github.com/leonelquinteros/gotext/gotext.go:115.2,117.19 2 1
github.com/leonelquinteros/gotext/gotext.go:123.27,125.25 2 1
github.com/leonelquinteros/gotext/gotext.go:125.25,127.3 1 0
github.com/leonelquinteros/gotext/gotext.go:128.2,128.21 1 1
github.com/leonelquinteros/gotext/gotext.go:132.30,136.2 3 1
github.com/leonelquinteros/gotext/gotext.go:140.31,143.52 3 1
github.com/leonelquinteros/gotext/gotext.go:143.52,145.3 1 1
github.com/leonelquinteros/gotext/gotext.go:146.2,149.19 3 1
github.com/leonelquinteros/gotext/gotext.go:153.26,159.2 4 1
github.com/leonelquinteros/gotext/gotext.go:163.29,169.2 4 1
github.com/leonelquinteros/gotext/gotext.go:172.29,176.2 3 1
github.com/leonelquinteros/gotext/gotext.go:181.27,183.22 2 1
github.com/leonelquinteros/gotext/gotext.go:183.22,185.3 1 1
github.com/leonelquinteros/gotext/gotext.go:186.2,186.12 1 0
github.com/leonelquinteros/gotext/gotext.go:192.36,201.33 7 1
github.com/leonelquinteros/gotext/gotext.go:201.33,203.3 1 1
github.com/leonelquinteros/gotext/gotext.go:204.2,204.36 1 1
github.com/leonelquinteros/gotext/gotext.go:210.33,212.2 1 1
github.com/leonelquinteros/gotext/gotext.go:218.39,222.52 4 1
github.com/leonelquinteros/gotext/gotext.go:222.52,224.3 1 1
github.com/leonelquinteros/gotext/gotext.go:225.2,229.19 4 1
github.com/leonelquinteros/gotext/gotext.go:234.50,236.2 1 1
github.com/leonelquinteros/gotext/gotext.go:240.66,242.2 1 1
github.com/leonelquinteros/gotext/gotext.go:246.56,254.46 5 1
github.com/leonelquinteros/gotext/gotext.go:254.46,255.40 1 1
github.com/leonelquinteros/gotext/gotext.go:255.40,257.4 1 1
github.com/leonelquinteros/gotext/gotext.go:258.3,258.75 1 1
github.com/leonelquinteros/gotext/gotext.go:258.75,259.12 1 0
github.com/leonelquinteros/gotext/gotext.go:261.3,262.8 2 1
github.com/leonelquinteros/gotext/gotext.go:264.2,264.11 1 1
github.com/leonelquinteros/gotext/gotext.go:269.72,277.46 5 1
github.com/leonelquinteros/gotext/gotext.go:277.46,278.40 1 1
github.com/leonelquinteros/gotext/gotext.go:278.40,280.4 1 1
github.com/leonelquinteros/gotext/gotext.go:281.3,281.79 1 1
github.com/leonelquinteros/gotext/gotext.go:281.79,282.12 1 0
github.com/leonelquinteros/gotext/gotext.go:284.3,285.8 2 1
github.com/leonelquinteros/gotext/gotext.go:287.2,287.11 1 1
github.com/leonelquinteros/gotext/gotext.go:292.56,294.2 1 1
github.com/leonelquinteros/gotext/gotext.go:298.79,300.2 1 1
github.com/leonelquinteros/gotext/gotext.go:304.62,312.46 5 1
github.com/leonelquinteros/gotext/gotext.go:312.46,313.81 1 1
github.com/leonelquinteros/gotext/gotext.go:313.81,314.12 1 0
github.com/leonelquinteros/gotext/gotext.go:316.3,317.8 2 1
github.com/leonelquinteros/gotext/gotext.go:319.2,319.11 1 1
github.com/leonelquinteros/gotext/gotext.go:324.85,333.46 5 1
github.com/leonelquinteros/gotext/gotext.go:333.46,334.85 1 1
github.com/leonelquinteros/gotext/gotext.go:334.85,335.12 1 0
github.com/leonelquinteros/gotext/gotext.go:337.3,338.8 2 1
github.com/leonelquinteros/gotext/gotext.go:340.2,340.11 1 1
github.com/leonelquinteros/gotext/gotext.go:345.53,347.2 1 1
github.com/leonelquinteros/gotext/gotext.go:351.61,353.2 1 1
github.com/leonelquinteros/gotext/gotext.go:357.59,359.2 1 1
github.com/leonelquinteros/gotext/gotext.go:363.67,364.21 1 1
github.com/leonelquinteros/gotext/gotext.go:364.21,366.3 1 1
github.com/leonelquinteros/gotext/gotext.go:368.2,373.29 4 1
github.com/leonelquinteros/gotext/gotext.go:373.29,376.56 2 1
github.com/leonelquinteros/gotext/gotext.go:376.56,377.54 1 1
github.com/leonelquinteros/gotext/gotext.go:377.54,378.13 1 1
github.com/leonelquinteros/gotext/gotext.go:380.4,380.54 1 1
github.com/leonelquinteros/gotext/gotext.go:383.2,383.14 1 1
github.com/leonelquinteros/gotext/gotext.go:388.59,390.2 1 1
github.com/leonelquinteros/gotext/gotext.go:394.74,396.2 1 1
github.com/leonelquinteros/gotext/gotext.go:400.65,402.2 1 1
github.com/leonelquinteros/gotext/gotext.go:406.80,407.21 1 1
github.com/leonelquinteros/gotext/gotext.go:407.21,409.3 1 1
github.com/leonelquinteros/gotext/gotext.go:411.2,416.29 4 1
github.com/leonelquinteros/gotext/gotext.go:416.29,419.47 2 1
github.com/leonelquinteros/gotext/gotext.go:419.47,420.45 1 1
github.com/leonelquinteros/gotext/gotext.go:420.45,421.13 1 1
github.com/leonelquinteros/gotext/gotext.go:423.4,423.51 1 1
github.com/leonelquinteros/gotext/gotext.go:426.2,426.14 1 1
github.com/leonelquinteros/gotext/helper.go:17.43,19.48 1 1
github.com/leonelquinteros/gotext/helper.go:19.48,21.3 1 1
github.com/leonelquinteros/gotext/helper.go:22.2,22.48 1 1
github.com/leonelquinteros/gotext/helper.go:22.48,24.3 1 1
github.com/leonelquinteros/gotext/helper.go:25.2,25.48 1 1
github.com/leonelquinteros/gotext/helper.go:25.48,27.3 1 1
github.com/leonelquinteros/gotext/helper.go:28.2,28.32 1 1
github.com/leonelquinteros/gotext/helper.go:32.59,33.19 1 1
github.com/leonelquinteros/gotext/helper.go:33.19,35.3 1 1
github.com/leonelquinteros/gotext/helper.go:37.2,37.12 1 1
github.com/leonelquinteros/gotext/helper.go:41.66,43.2 1 1
github.com/leonelquinteros/gotext/helper.go:46.64,47.19 1 1
github.com/leonelquinteros/gotext/helper.go:47.19,49.3 1 1
github.com/leonelquinteros/gotext/helper.go:51.2,51.26 1 1
github.com/leonelquinteros/gotext/helper.go:56.60,59.2 2 1
github.com/leonelquinteros/gotext/helper.go:64.67,67.2 2 1
github.com/leonelquinteros/gotext/helper.go:69.89,72.22 3 1
github.com/leonelquinteros/gotext/helper.go:72.22,74.3 1 1
github.com/leonelquinteros/gotext/helper.go:75.2,75.13 1 1
github.com/leonelquinteros/gotext/helper.go:78.51,83.22 4 1
github.com/leonelquinteros/gotext/helper.go:83.22,85.3 1 1
github.com/leonelquinteros/gotext/helper.go:87.2,88.22 2 1
github.com/leonelquinteros/gotext/helper.go:88.22,91.3 2 1
github.com/leonelquinteros/gotext/helper.go:92.2,96.31 4 1
github.com/leonelquinteros/gotext/helper.go:96.31,98.3 1 1
github.com/leonelquinteros/gotext/helper.go:100.2,100.17 1 1
github.com/leonelquinteros/gotext/locale.go:70.37,76.2 1 1
github.com/leonelquinteros/gotext/locale.go:79.54,83.2 3 1
github.com/leonelquinteros/gotext/locale.go:86.72,91.2 4 1
github.com/leonelquinteros/gotext/locale.go:93.50,95.28 2 1
github.com/leonelquinteros/gotext/locale.go:95.28,97.3 1 1
github.com/leonelquinteros/gotext/locale.go:99.2,99.21 1 1
github.com/leonelquinteros/gotext/locale.go:99.21,101.29 2 1
github.com/leonelquinteros/gotext/locale.go:101.29,103.4 1 1
github.com/leonelquinteros/gotext/locale.go:106.2,107.28 2 1
github.com/leonelquinteros/gotext/locale.go:107.28,109.3 1 1
github.com/leonelquinteros/gotext/locale.go:111.2,111.21 1 1
github.com/leonelquinteros/gotext/locale.go:111.21,113.29 2 1
github.com/leonelquinteros/gotext/locale.go:113.29,115.4 1 0
github.com/leonelquinteros/gotext/locale.go:118.2,118.11 1 1
github.com/leonelquinteros/gotext/locale.go:123.55,126.33 3 1
github.com/leonelquinteros/gotext/locale.go:126.33,129.23 2 1
github.com/leonelquinteros/gotext/locale.go:129.23,131.4 1 0
github.com/leonelquinteros/gotext/locale.go:133.3,133.22 1 1
github.com/leonelquinteros/gotext/locale.go:133.22,135.24 2 1
github.com/leonelquinteros/gotext/locale.go:135.24,137.5 1 0
github.com/leonelquinteros/gotext/locale.go:140.3,141.23 2 1
github.com/leonelquinteros/gotext/locale.go:141.23,143.4 1 1
github.com/leonelquinteros/gotext/locale.go:145.3,145.22 1 1
github.com/leonelquinteros/gotext/locale.go:145.22,147.24 2 1
github.com/leonelquinteros/gotext/locale.go:147.24,149.5 1 0
github.com/leonelquinteros/gotext/locale.go:152.2,152.11 1 1
github.com/leonelquinteros/gotext/locale.go:155.51,156.17 1 1
github.com/leonelquinteros/gotext/locale.go:156.17,159.3 2 1
github.com/leonelquinteros/gotext/locale.go:160.2,161.19 2 1
github.com/leonelquinteros/gotext/locale.go:166.40,170.16 3 1
github.com/leonelquinteros/gotext/locale.go:170.16,174.3 2 1
github.com/leonelquinteros/gotext/locale.go:174.8,176.17 2 1
github.com/leonelquinteros/gotext/locale.go:176.17,180.4 2 1
github.com/leonelquinteros/gotext/locale.go:180.9,183.4 1 1
github.com/leonelquinteros/gotext/locale.go:187.2,189.22 2 1
github.com/leonelquinteros/gotext/locale.go:189.22,191.3 1 1
github.com/leonelquinteros/gotext/locale.go:192.2,192.27 1 1
github.com/leonelquinteros/gotext/locale.go:192.27,194.3 1 1
github.com/leonelquinteros/gotext/locale.go:195.2,198.12 2 1
github.com/leonelquinteros/gotext/locale.go:202.59,205.22 2 1
github.com/leonelquinteros/gotext/locale.go:205.22,207.3 1 0
github.com/leonelquinteros/gotext/locale.go:208.2,208.27 1 1
github.com/leonelquinteros/gotext/locale.go:208.27,210.3 1 1
github.com/leonelquinteros/gotext/locale.go:211.2,213.12 2 1
github.com/leonelquinteros/gotext/locale.go:217.37,222.2 4 1
github.com/leonelquinteros/gotext/locale.go:225.40,229.2 3 1
github.com/leonelquinteros/gotext/locale.go:232.39,237.2 4 1
github.com/leonelquinteros/gotext/locale.go:241.62,243.2 1 1
github.com/leonelquinteros/gotext/locale.go:247.78,249.2 1 1
github.com/leonelquinteros/gotext/locale.go:253.68,258.22 3 1
github.com/leonelquinteros/gotext/locale.go:258.22,259.34 1 1
github.com/leonelquinteros/gotext/locale.go:259.34,260.29 1 1
github.com/leonelquinteros/gotext/locale.go:260.29,262.5 1 1
github.com/leonelquinteros/gotext/locale.go:266.2,266.35 1 1
github.com/leonelquinteros/gotext/locale.go:271.84,276.22 3 1
github.com/leonelquinteros/gotext/locale.go:276.22,277.34 1 1
github.com/leonelquinteros/gotext/locale.go:277.34,278.29 1 1
github.com/leonelquinteros/gotext/locale.go:278.29,280.5 1 1
github.com/leonelquinteros/gotext/locale.go:285.2,285.12 1 1
github.com/leonelquinteros/gotext/locale.go:285.12,287.3 1 1
github.com/leonelquinteros/gotext/locale.go:288.2,288.38 1 1
github.com/leonelquinteros/gotext/locale.go:293.68,295.2 1 1
github.com/leonelquinteros/gotext/locale.go:299.91,301.2 1 1
github.com/leonelquinteros/gotext/locale.go:305.74,310.22 3 1
github.com/leonelquinteros/gotext/locale.go:310.22,311.34 1 1
github.com/leonelquinteros/gotext/locale.go:311.34,312.29 1 1
github.com/leonelquinteros/gotext/locale.go:312.29,314.5 1 1
github.com/leonelquinteros/gotext/locale.go:318.2,318.35 1 1
github.com/leonelquinteros/gotext/locale.go:323.97,328.22 3 1
github.com/leonelquinteros/gotext/locale.go:328.22,329.34 1 1
github.com/leonelquinteros/gotext/locale.go:329.34,330.29 1 1
github.com/leonelquinteros/gotext/locale.go:330.29,332.5 1 1
github.com/leonelquinteros/gotext/locale.go:337.2,337.12 1 1
github.com/leonelquinteros/gotext/locale.go:337.12,339.3 1 1
github.com/leonelquinteros/gotext/locale.go:340.2,340.38 1 1
github.com/leonelquinteros/gotext/locale.go:344.60,349.39 4 1
github.com/leonelquinteros/gotext/locale.go:349.39,350.70 1 1
github.com/leonelquinteros/gotext/locale.go:350.70,352.4 1 1
github.com/leonelquinteros/gotext/locale.go:355.2,355.12 1 1
github.com/leonelquinteros/gotext/locale.go:359.48,361.2 1 1
github.com/leonelquinteros/gotext/locale.go:364.56,366.2 1 1
github.com/leonelquinteros/gotext/locale.go:369.54,371.2 1 1
github.com/leonelquinteros/gotext/locale.go:374.62,378.22 3 1
github.com/leonelquinteros/gotext/locale.go:378.22,380.3 1 0
github.com/leonelquinteros/gotext/locale.go:381.2,382.9 2 1
github.com/leonelquinteros/gotext/locale.go:382.9,384.3 1 1
github.com/leonelquinteros/gotext/locale.go:385.2,385.53 1 1
github.com/leonelquinteros/gotext/locale.go:389.54,391.2 1 1
github.com/leonelquinteros/gotext/locale.go:394.69,396.2 1 1
github.com/leonelquinteros/gotext/locale.go:399.60,401.2 1 1
github.com/leonelquinteros/gotext/locale.go:404.82,408.22 3 1
github.com/leonelquinteros/gotext/locale.go:408.22,410.3 1 0
github.com/leonelquinteros/gotext/locale.go:411.2,412.9 2 1
github.com/leonelquinteros/gotext/locale.go:412.9,414.3 1 1
github.com/leonelquinteros/gotext/locale.go:415.2,415.59 1 1
github.com/leonelquinteros/gotext/locale.go:427.50,431.30 4 1
github.com/leonelquinteros/gotext/locale.go:431.30,434.17 3 1
github.com/leonelquinteros/gotext/locale.go:434.17,436.4 1 0
github.com/leonelquinteros/gotext/locale.go:438.2,445.26 6 1
github.com/leonelquinteros/gotext/locale.go:449.53,455.16 5 1
github.com/leonelquinteros/gotext/locale.go:455.16,457.3 1 0
github.com/leonelquinteros/gotext/locale.go:459.2,465.32 5 1
github.com/leonelquinteros/gotext/locale.go:465.32,470.17 5 1
github.com/leonelquinteros/gotext/locale.go:470.17,472.4 1 0
github.com/leonelquinteros/gotext/locale.go:474.3,474.36 1 1
github.com/leonelquinteros/gotext/locale.go:477.2,477.12 1 1
github.com/leonelquinteros/gotext/mo.go:59.18,64.2 3 1
github.com/leonelquinteros/gotext/mo.go:67.36,71.2 3 1
github.com/leonelquinteros/gotext/mo.go:74.35,76.2 1 1
github.com/leonelquinteros/gotext/mo.go:79.59,81.2 1 1
github.com/leonelquinteros/gotext/mo.go:84.72,86.2 1 1
github.com/leonelquinteros/gotext/mo.go:89.75,91.2 1 1
github.com/leonelquinteros/gotext/mo.go:94.88,96.2 1 1
github.com/leonelquinteros/gotext/mo.go:99.65,101.2 1 1
github.com/leonelquinteros/gotext/mo.go:104.78,106.2 1 1
github.com/leonelquinteros/gotext/mo.go:109.88,111.2 1 1
github.com/leonelquinteros/gotext/mo.go:114.101,116.2 1 1
github.com/leonelquinteros/gotext/mo.go:119.45,121.2 1 1
github.com/leonelquinteros/gotext/mo.go:124.53,126.2 1 1
github.com/leonelquinteros/gotext/mo.go:129.51,131.2 1 1
github.com/leonelquinteros/gotext/mo.go:134.66,136.2 1 1
github.com/leonelquinteros/gotext/mo.go:139.47,141.2 1 1
github.com/leonelquinteros/gotext/mo.go:144.50,146.2 1 1
github.com/leonelquinteros/gotext/mo.go:149.35,151.16 2 1
github.com/leonelquinteros/gotext/mo.go:151.16,153.3 1 1
github.com/leonelquinteros/gotext/mo.go:155.2,155.16 1 1
github.com/leonelquinteros/gotext/mo.go:159.33,169.74 7 1
github.com/leonelquinteros/gotext/mo.go:169.74,172.3 1 0
github.com/leonelquinteros/gotext/mo.go:173.2,174.21 2 1
github.com/leonelquinteros/gotext/mo.go:175.27,176.27 1 1
github.com/leonelquinteros/gotext/mo.go:177.24,178.24 1 0
github.com/leonelquinteros/gotext/mo.go:179.10,180.9 1 0
github.com/leonelquinteros/gotext/mo.go:184.2,193.52 2 1
github.com/leonelquinteros/gotext/mo.go:193.52,196.3 1 0
github.com/leonelquinteros/gotext/mo.go:197.2,197.48 1 1
github.com/leonelquinteros/gotext/mo.go:197.48,200.3 1 0
github.com/leonelquinteros/gotext/mo.go:201.2,201.48 1 1
github.com/leonelquinteros/gotext/mo.go:201.48,204.3 1 0
github.com/leonelquinteros/gotext/mo.go:206.2,208.64 3 1
github.com/leonelquinteros/gotext/mo.go:208.64,211.3 1 0
github.com/leonelquinteros/gotext/mo.go:212.2,212.46 1 1
github.com/leonelquinteros/gotext/mo.go:212.46,213.58 1 1
github.com/leonelquinteros/gotext/mo.go:213.58,216.4 1 0
github.com/leonelquinteros/gotext/mo.go:217.3,217.60 1 1
github.com/leonelquinteros/gotext/mo.go:217.60,220.4 1 0
github.com/leonelquinteros/gotext/mo.go:223.2,225.65 3 1
github.com/leonelquinteros/gotext/mo.go:225.65,228.3 1 0
github.com/leonelquinteros/gotext/mo.go:229.2,229.46 1 1
github.com/leonelquinteros/gotext/mo.go:229.46,230.59 1 1
github.com/leonelquinteros/gotext/mo.go:230.59,233.4 1 0
github.com/leonelquinteros/gotext/mo.go:234.3,234.61 1 1
github.com/leonelquinteros/gotext/mo.go:234.61,237.4 1 0
github.com/leonelquinteros/gotext/mo.go:240.2,240.46 1 1
github.com/leonelquinteros/gotext/mo.go:240.46,241.60 1 1
github.com/leonelquinteros/gotext/mo.go:241.60,244.4 1 0
github.com/leonelquinteros/gotext/mo.go:245.3,246.46 2 1
github.com/leonelquinteros/gotext/mo.go:246.46,249.4 1 0
github.com/leonelquinteros/gotext/mo.go:251.3,251.61 1 1
github.com/leonelquinteros/gotext/mo.go:251.61,254.4 1 0
github.com/leonelquinteros/gotext/mo.go:255.3,256.47 2 1
github.com/leonelquinteros/gotext/mo.go:256.47,259.4 1 0
github.com/leonelquinteros/gotext/mo.go:261.3,261.26 1 1
github.com/leonelquinteros/gotext/mo.go:261.26,263.4 1 1
github.com/leonelquinteros/gotext/mo.go:263.9,265.4 1 1
github.com/leonelquinteros/gotext/mo.go:269.2,275.32 4 1
github.com/leonelquinteros/gotext/mo.go:278.52,284.17 5 1
github.com/leonelquinteros/gotext/mo.go:284.17,286.3 1 1
github.com/leonelquinteros/gotext/mo.go:286.8,288.3 1 1
github.com/leonelquinteros/gotext/mo.go:290.2,291.17 2 1
github.com/leonelquinteros/gotext/mo.go:291.17,294.3 2 1
github.com/leonelquinteros/gotext/mo.go:296.2,299.26 3 1
github.com/leonelquinteros/gotext/mo.go:299.26,301.3 1 1
github.com/leonelquinteros/gotext/mo.go:303.2,304.18 2 1
github.com/leonelquinteros/gotext/mo.go:304.18,305.25 1 1
github.com/leonelquinteros/gotext/mo.go:305.25,307.4 1 1
github.com/leonelquinteros/gotext/mo.go:310.2,310.22 1 1
github.com/leonelquinteros/gotext/mo.go:310.22,312.67 1 1
github.com/leonelquinteros/gotext/mo.go:312.67,314.4 1 1
github.com/leonelquinteros/gotext/mo.go:315.3,315.79 1 1
github.com/leonelquinteros/gotext/mo.go:316.8,318.3 1 1
github.com/leonelquinteros/gotext/po.go:58.18,63.2 3 1
github.com/leonelquinteros/gotext/po.go:66.36,70.2 3 1
github.com/leonelquinteros/gotext/po.go:73.35,75.2 1 1
github.com/leonelquinteros/gotext/po.go:81.39,83.2 1 1
github.com/leonelquinteros/gotext/po.go:86.50,88.2 1 1
github.com/leonelquinteros/gotext/po.go:91.44,93.2 1 1
github.com/leonelquinteros/gotext/po.go:96.50,98.2 1 1
github.com/leonelquinteros/gotext/po.go:101.35,103.2 1 1
github.com/leonelquinteros/gotext/po.go:106.59,108.2 1 1
github.com/leonelquinteros/gotext/po.go:111.72,113.2 1 1
github.com/leonelquinteros/gotext/po.go:116.58,118.2 1 1
github.com/leonelquinteros/gotext/po.go:121.75,123.2 1 1
github.com/leonelquinteros/gotext/po.go:126.88,128.2 1 1
github.com/leonelquinteros/gotext/po.go:131.41,133.2 1 1
github.com/leonelquinteros/gotext/po.go:136.65,138.2 1 1
github.com/leonelquinteros/gotext/po.go:141.78,143.2 1 1
github.com/leonelquinteros/gotext/po.go:146.64,148.2 1 1
github.com/leonelquinteros/gotext/po.go:151.88,153.2 1 1
github.com/leonelquinteros/gotext/po.go:156.101,158.2 1 1
github.com/leonelquinteros/gotext/po.go:161.45,163.2 1 1
github.com/leonelquinteros/gotext/po.go:166.53,168.2 1 1
github.com/leonelquinteros/gotext/po.go:171.51,173.2 1 1
github.com/leonelquinteros/gotext/po.go:176.66,178.2 1 1
github.com/leonelquinteros/gotext/po.go:181.45,183.2 1 1
github.com/leonelquinteros/gotext/po.go:186.47,188.2 1 1
github.com/leonelquinteros/gotext/po.go:191.50,193.2 1 1
github.com/leonelquinteros/gotext/po.go:196.35,198.16 2 1
github.com/leonelquinteros/gotext/po.go:198.16,200.3 1 1
github.com/leonelquinteros/gotext/po.go:202.2,202.16 1 1
github.com/leonelquinteros/gotext/po.go:206.33,207.22 1 1
github.com/leonelquinteros/gotext/po.go:207.22,208.59 1 0
github.com/leonelquinteros/gotext/po.go:212.2,226.26 10 1
github.com/leonelquinteros/gotext/po.go:226.26,231.25 2 1
github.com/leonelquinteros/gotext/po.go:231.25,233.12 2 1
github.com/leonelquinteros/gotext/po.go:237.3,237.38 1 1
github.com/leonelquinteros/gotext/po.go:237.38,240.12 3 1
github.com/leonelquinteros/gotext/po.go:244.3,244.77 1 1
github.com/leonelquinteros/gotext/po.go:244.77,247.12 3 1
github.com/leonelquinteros/gotext/po.go:251.3,251.43 1 1
github.com/leonelquinteros/gotext/po.go:251.43,255.12 4 1
github.com/leonelquinteros/gotext/po.go:259.3,259.37 1 1
github.com/leonelquinteros/gotext/po.go:259.37,262.12 3 1
github.com/leonelquinteros/gotext/po.go:266.3,266.63 1 1
github.com/leonelquinteros/gotext/po.go:266.63,268.12 2 1
github.com/leonelquinteros/gotext/po.go:273.2,282.32 5 1
github.com/leonelquinteros/gotext/po.go:287.28,289.31 1 1
github.com/leonelquinteros/gotext/po.go:289.31,291.3 1 1
github.com/leonelquinteros/gotext/po.go:291.8,293.71 1 1
github.com/leonelquinteros/gotext/po.go:293.71,295.4 1 1
github.com/leonelquinteros/gotext/po.go:296.3,299.34 2 1
github.com/leonelquinteros/gotext/po.go:299.34,301.4 1 1
github.com/leonelquinteros/gotext/po.go:305.2,305.31 1 1
github.com/leonelquinteros/gotext/po.go:305.31,307.3 1 1
github.com/leonelquinteros/gotext/po.go:307.8,309.3 1 0
github.com/leonelquinteros/gotext/po.go:314.56,315.31 1 1
github.com/leonelquinteros/gotext/po.go:315.31,316.20 1 1
github.com/leonelquinteros/gotext/po.go:316.20,318.4 1 1
github.com/leonelquinteros/gotext/po.go:318.9,318.24 1 1
github.com/leonelquinteros/gotext/po.go:318.24,319.16 1 1
github.com/leonelquinteros/gotext/po.go:320.13,321.19 1 0
github.com/leonelquinteros/gotext/po.go:321.19,323.6 1 0
github.com/leonelquinteros/gotext/po.go:331.38,337.2 2 1
github.com/leonelquinteros/gotext/po.go:341.33,347.2 2 1
github.com/leonelquinteros/gotext/po.go:350.39,352.2 1 1
github.com/leonelquinteros/gotext/po.go:355.38,359.31 2 1
github.com/leonelquinteros/gotext/po.go:359.31,361.16 2 1
github.com/leonelquinteros/gotext/po.go:361.16,364.4 1 1
github.com/leonelquinteros/gotext/po.go:367.3,368.17 2 1
github.com/leonelquinteros/gotext/po.go:368.17,371.4 1 1
github.com/leonelquinteros/gotext/po.go:374.3,377.9 2 1
github.com/leonelquinteros/gotext/po.go:381.2,381.51 1 1
github.com/leonelquinteros/gotext/po.go:386.55,389.15 2 1
github.com/leonelquinteros/gotext/po.go:390.14,392.65 1 1
github.com/leonelquinteros/gotext/po.go:394.13,396.33 1 1
github.com/leonelquinteros/gotext/po.go:398.19,400.39 1 0
github.com/leonelquinteros/gotext/po.go:402.15,404.31 1 0
github.com/leonelquinteros/gotext/po.go:410.42,420.26 2 1
github.com/leonelquinteros/gotext/po.go:420.26,421.30 1 1
github.com/leonelquinteros/gotext/po.go:421.30,423.4 1 1
github.com/leonelquinteros/gotext/po.go:426.2,426.14 1 1
github.com/leonelquinteros/gotext/translation.go:19.36,23.2 1 1
github.com/leonelquinteros/gotext/translation.go:26.57,31.2 1 1
github.com/leonelquinteros/gotext/translation.go:34.38,36.2 1 1
github.com/leonelquinteros/gotext/translation.go:39.46,42.2 2 1
github.com/leonelquinteros/gotext/translation.go:45.39,48.2 2 1
github.com/leonelquinteros/gotext/translation.go:51.36,53.27 1 1
github.com/leonelquinteros/gotext/translation.go:53.27,54.21 1 1
github.com/leonelquinteros/gotext/translation.go:54.21,56.4 1 1
github.com/leonelquinteros/gotext/translation.go:60.2,60.13 1 1
github.com/leonelquinteros/gotext/translation.go:64.47,67.2 2 1
github.com/leonelquinteros/gotext/translation.go:70.42,72.27 1 1
github.com/leonelquinteros/gotext/translation.go:72.27,73.21 1 1
github.com/leonelquinteros/gotext/translation.go:73.21,75.4 1 1
github.com/leonelquinteros/gotext/translation.go:79.2,79.12 1 1
github.com/leonelquinteros/gotext/translation.go:79.12,81.3 1 1
github.com/leonelquinteros/gotext/translation.go:84.2,84.19 1 1
github.com/leonelquinteros/gotext/translation.go:88.43,91.2 2 1
github.com/leonelquinteros/gotext/translation.go:94.49,97.2 2 1
github.com/leonelquinteros/gotext/translator.go:64.58,76.2 10 1
github.com/leonelquinteros/gotext/translator.go:79.62,80.23 1 1
github.com/leonelquinteros/gotext/translator.go:80.23,82.3 1 1
github.com/leonelquinteros/gotext/translator.go:85.2,86.16 2 1
github.com/leonelquinteros/gotext/translator.go:86.16,88.3 1 0
github.com/leonelquinteros/gotext/translator.go:91.2,91.18 1 1
github.com/leonelquinteros/gotext/translator.go:91.18,93.3 1 1
github.com/leonelquinteros/gotext/translator.go:95.2,95.23 1 1
